<?xml version="1.0" encoding="UTF-8"?>
<testng-results skipped="0" failed="0" ignored="0" total="1" passed="1">
  <reporter-output>
  </reporter-output>
  <suite name="Default suite" duration-ms="42" started-at="2021-07-25T12:48:01 IST" finished-at="2021-07-25T12:48:01 IST">
    <groups>
    </groups>
    <test name="Default test" duration-ms="42" started-at="2021-07-25T12:48:01 IST" finished-at="2021-07-25T12:48:01 IST">
      <class name="mypack.Test1">
        <test-method status="PASS" signature="method()[pri:0, instance:mypack.Test1@5a8806ef]" name="method" duration-ms="6" started-at="2021-07-25T12:48:01 IST" finished-at="2021-07-25T12:48:01 IST">
          <reporter-output>
          </reporter-output>
        </test-method> <!-- method -->
      </class> <!-- mypack.Test1 -->
    </test> <!-- Default test -->
  </suite> <!-- Default suite -->
</testng-results>
